2016-04-08 02:36:47,046 [Worker-3] INFO  o.e.m.c.i.l.LifecycleMappingFactory - Using org.eclipse.m2e.jdt.JarLifecycleMapping lifecycle mapping for MavenProject: demo:cards:0.0.1-SNAPSHOT @ C:\Users\New\git\practice\code-master\hadoop\performance_tuning\pom.xml.
2016-04-08 02:36:47,046 [Worker-7] INFO  o.e.m.c.i.l.LifecycleMappingFactory - Using org.eclipse.m2e.jdt.JarLifecycleMapping lifecycle mapping for MavenProject: demo:cards:0.0.1-SNAPSHOT @ C:\Users\New\git\practice\code-master\hadoop\performance_tuning\pom.xml.
2016-04-08 02:37:01,771 [Worker-7] INFO  o.e.m.c.i.embedder.EclipseLogger - Using 'UTF-8' encoding to copy filtered resources.
2016-04-08 02:37:01,772 [Worker-7] INFO  o.e.m.c.i.embedder.EclipseLogger - skip non existing resourceDirectory C:\Users\New\git\practice\code-master\hadoop\performance_tuning\src\main\resources
2016-04-08 02:37:01,780 [Worker-7] INFO  o.e.m.c.i.embedder.EclipseLogger - Using 'UTF-8' encoding to copy filtered resources.
2016-04-08 02:37:01,780 [Worker-7] INFO  o.e.m.c.i.embedder.EclipseLogger - skip non existing resourceDirectory C:\Users\New\git\practice\code-master\hadoop\performance_tuning\src\test\resources
2016-04-08 02:37:02,220 [Worker-7] INFO  o.e.m.c.i.l.LifecycleMappingFactory - Using org.eclipse.m2e.jdt.JarLifecycleMapping lifecycle mapping for MavenProject: storm:udacity:0.0.1-SNAPSHOT @ C:\Users\New\git\practice\udacity\pom.xml.
2016-04-08 02:37:02,460 [Worker-7] INFO  o.e.m.c.i.embedder.EclipseLogger - Using 'UTF-8' encoding to copy filtered resources.
2016-04-08 02:37:02,461 [Worker-7] INFO  o.e.m.c.i.embedder.EclipseLogger - skip non existing resourceDirectory C:\Users\New\git\practice\udacity\src\main\resources
2016-04-08 02:37:02,464 [Worker-7] INFO  o.e.m.c.i.embedder.EclipseLogger - Using 'UTF-8' encoding to copy filtered resources.
2016-04-08 02:37:02,465 [Worker-7] INFO  o.e.m.c.i.embedder.EclipseLogger - skip non existing resourceDirectory C:\Users\New\git\practice\udacity\src\test\resources
2016-04-08 02:37:03,809 [Worker-8] INFO  o.e.m.c.i.l.LifecycleMappingFactory - Using org.eclipse.m2e.jdt.JarLifecycleMapping lifecycle mapping for MavenProject: demo:cards:0.0.1-SNAPSHOT @ C:\Users\New\git\practice\code-master\hadoop\performance_tuning\pom.xml.
2016-04-08 02:37:04,207 [Worker-7] INFO  o.e.m.c.i.l.LifecycleMappingFactory - Using org.eclipse.m2e.jdt.JarLifecycleMapping lifecycle mapping for MavenProject: analytics:nyse:0.0.1-SNAPSHOT @ C:\Users\New\git\practice\code-master\hadoop\nyse\pom.xml.
2016-04-08 02:37:08,146 [Worker-7] INFO  o.e.m.c.i.embedder.EclipseLogger - Using 'UTF-8' encoding to copy filtered resources.
2016-04-08 02:37:08,146 [Worker-7] INFO  o.e.m.c.i.embedder.EclipseLogger - skip non existing resourceDirectory C:\Users\New\git\practice\code-master\hadoop\nyse\src\main\resources
2016-04-08 02:37:08,147 [Worker-7] INFO  o.e.m.c.i.embedder.EclipseLogger - Using 'UTF-8' encoding to copy filtered resources.
2016-04-08 02:37:08,148 [Worker-7] INFO  o.e.m.c.i.embedder.EclipseLogger - skip non existing resourceDirectory C:\Users\New\git\practice\code-master\hadoop\nyse\src\test\resources
2016-04-08 02:37:08,833 [Worker-8] INFO  o.e.m.c.i.l.LifecycleMappingFactory - Using org.eclipse.m2e.jdt.JarLifecycleMapping lifecycle mapping for MavenProject: demo:cards:0.0.1-SNAPSHOT @ C:\Users\New\git\practice\code-master\hadoop\performance_tuning\pom.xml.
2016-04-08 02:37:09,765 [Worker-6] INFO  o.e.m.c.i.embedder.EclipseLogger - Using 'UTF-8' encoding to copy filtered resources.
2016-04-08 02:37:09,765 [Worker-6] INFO  o.e.m.c.i.embedder.EclipseLogger - skip non existing resourceDirectory C:\Users\New\git\practice\udacity\src\main\resources
2016-04-08 02:37:09,768 [Worker-6] INFO  o.e.m.c.i.embedder.EclipseLogger - Using 'UTF-8' encoding to copy filtered resources.
2016-04-08 02:37:09,768 [Worker-6] INFO  o.e.m.c.i.embedder.EclipseLogger - skip non existing resourceDirectory C:\Users\New\git\practice\udacity\src\test\resources
2016-04-08 02:37:13,369 [Worker-8] INFO  o.e.m.c.i.l.LifecycleMappingFactory - Using org.eclipse.m2e.jdt.JarLifecycleMapping lifecycle mapping for MavenProject: storm:udacity:0.0.1-SNAPSHOT @ C:\Users\New\git\practice\udacity\pom.xml.
2016-04-08 02:37:13,496 [Worker-8] INFO  o.e.m.c.i.l.LifecycleMappingFactory - Using org.eclipse.m2e.jdt.JarLifecycleMapping lifecycle mapping for MavenProject: analytics:nyse:0.0.1-SNAPSHOT @ C:\Users\New\git\practice\code-master\hadoop\nyse\pom.xml.
2016-04-08 02:37:16,811 [Worker-8] INFO  o.e.m.c.i.l.LifecycleMappingFactory - Using org.eclipse.m2e.jdt.JarLifecycleMapping lifecycle mapping for MavenProject: analytics:nyse:0.0.1-SNAPSHOT @ C:\Users\New\git\practice\code-master\hadoop\nyse\pom.xml.
2016-04-08 02:37:17,702 [Worker-8] INFO  o.e.m.c.i.l.LifecycleMappingFactory - Using org.eclipse.m2e.jdt.JarLifecycleMapping lifecycle mapping for MavenProject: demo:cards:0.0.1-SNAPSHOT @ C:\Users\New\git\practice\code-master\hadoop\performance_tuning\pom.xml.
2016-04-08 02:37:20,107 [Worker-6] INFO  o.e.m.c.i.embedder.EclipseLogger - Using 'UTF-8' encoding to copy filtered resources.
2016-04-08 02:37:20,108 [Worker-6] INFO  o.e.m.c.i.embedder.EclipseLogger - skip non existing resourceDirectory C:\Users\New\git\practice\code-master\hadoop\nyse\src\main\resources
2016-04-08 02:37:20,110 [Worker-6] INFO  o.e.m.c.i.embedder.EclipseLogger - Using 'UTF-8' encoding to copy filtered resources.
2016-04-08 02:37:20,110 [Worker-6] INFO  o.e.m.c.i.embedder.EclipseLogger - skip non existing resourceDirectory C:\Users\New\git\practice\code-master\hadoop\nyse\src\test\resources
2016-04-08 02:37:20,821 [Worker-8] INFO  o.e.m.c.i.l.LifecycleMappingFactory - Using org.eclipse.m2e.jdt.JarLifecycleMapping lifecycle mapping for MavenProject: storm:udacity:0.0.1-SNAPSHOT @ C:\Users\New\git\practice\udacity\pom.xml.
2016-04-08 02:37:25,294 [Worker-6] INFO  o.e.m.c.i.embedder.EclipseLogger - Using 'UTF-8' encoding to copy filtered resources.
2016-04-08 02:37:25,294 [Worker-6] INFO  o.e.m.c.i.embedder.EclipseLogger - skip non existing resourceDirectory C:\Users\New\git\practice\code-master\hadoop\performance_tuning\src\main\resources
2016-04-08 02:37:25,296 [Worker-6] INFO  o.e.m.c.i.embedder.EclipseLogger - Using 'UTF-8' encoding to copy filtered resources.
2016-04-08 02:37:25,296 [Worker-6] INFO  o.e.m.c.i.embedder.EclipseLogger - skip non existing resourceDirectory C:\Users\New\git\practice\code-master\hadoop\performance_tuning\src\test\resources
2016-04-08 02:37:25,329 [Worker-6] INFO  o.e.m.c.i.embedder.EclipseLogger - Using 'UTF-8' encoding to copy filtered resources.
2016-04-08 02:37:25,330 [Worker-6] INFO  o.e.m.c.i.embedder.EclipseLogger - skip non existing resourceDirectory C:\Users\New\git\practice\udacity\src\main\resources
2016-04-08 02:37:25,332 [Worker-6] INFO  o.e.m.c.i.embedder.EclipseLogger - Using 'UTF-8' encoding to copy filtered resources.
2016-04-08 02:37:25,332 [Worker-6] INFO  o.e.m.c.i.embedder.EclipseLogger - skip non existing resourceDirectory C:\Users\New\git\practice\udacity\src\test\resources
2016-04-08 02:37:29,086 [Worker-6] INFO  o.e.m.c.i.embedder.EclipseLogger - Using 'UTF-8' encoding to copy filtered resources.
2016-04-08 02:37:29,087 [Worker-6] INFO  o.e.m.c.i.embedder.EclipseLogger - skip non existing resourceDirectory C:\Users\New\git\practice\code-master\hadoop\nyse\src\main\resources
2016-04-08 02:37:29,095 [Worker-6] INFO  o.e.m.c.i.embedder.EclipseLogger - Using 'UTF-8' encoding to copy filtered resources.
2016-04-08 02:37:29,095 [Worker-6] INFO  o.e.m.c.i.embedder.EclipseLogger - skip non existing resourceDirectory C:\Users\New\git\practice\code-master\hadoop\nyse\src\test\resources
2016-04-08 02:44:04,885 [Worker-8] INFO  o.e.m.c.i.l.LifecycleMappingFactory - Using org.eclipse.m2e.jdt.JarLifecycleMapping lifecycle mapping for MavenProject: demo:cards:0.0.1-SNAPSHOT @ C:\Users\New\git\practice\code-master\hadoop\performance_tuning\pom.xml.
2016-04-08 02:44:13,493 [Worker-8] INFO  o.e.m.c.i.l.LifecycleMappingFactory - Using org.eclipse.m2e.jdt.JarLifecycleMapping lifecycle mapping for MavenProject: storm:udacity:0.0.1-SNAPSHOT @ C:\Users\New\git\practice\udacity\pom.xml.
2016-04-08 02:44:13,599 [Worker-8] INFO  o.e.m.c.i.l.LifecycleMappingFactory - Using org.eclipse.m2e.jdt.JarLifecycleMapping lifecycle mapping for MavenProject: analytics:nyse:0.0.1-SNAPSHOT @ C:\Users\New\git\practice\code-master\hadoop\nyse\pom.xml.
2016-04-08 02:46:04,287 [Worker-10] INFO  o.e.m.c.i.l.LifecycleMappingFactory - Using org.eclipse.m2e.jdt.JarLifecycleMapping lifecycle mapping for MavenProject: demo:cards:0.0.1-SNAPSHOT @ C:\Users\New\git\practice\code-master\hadoop\performance_tuning\pom.xml.
2016-04-08 02:46:12,919 [Worker-10] INFO  o.e.m.c.i.l.LifecycleMappingFactory - Using org.eclipse.m2e.jdt.JarLifecycleMapping lifecycle mapping for MavenProject: storm:udacity:0.0.1-SNAPSHOT @ C:\Users\New\git\practice\udacity\pom.xml.
2016-04-08 02:46:13,016 [Worker-10] INFO  o.e.m.c.i.l.LifecycleMappingFactory - Using org.eclipse.m2e.jdt.JarLifecycleMapping lifecycle mapping for MavenProject: analytics:nyse:0.0.1-SNAPSHOT @ C:\Users\New\git\practice\code-master\hadoop\nyse\pom.xml.
2016-04-08 02:46:32,787 [Worker-11] INFO  o.e.m.c.i.embedder.EclipseLogger - Using 'UTF-8' encoding to copy filtered resources.
2016-04-08 02:46:32,788 [Worker-11] INFO  o.e.m.c.i.embedder.EclipseLogger - skip non existing resourceDirectory C:\Users\New\git\practice\code-master\hadoop\performance_tuning\src\main\resources
2016-04-08 02:46:32,792 [Worker-11] INFO  o.e.m.c.i.embedder.EclipseLogger - Using 'UTF-8' encoding to copy filtered resources.
2016-04-08 02:46:32,792 [Worker-11] INFO  o.e.m.c.i.embedder.EclipseLogger - skip non existing resourceDirectory C:\Users\New\git\practice\code-master\hadoop\performance_tuning\src\test\resources
2016-04-08 02:46:32,909 [Worker-11] INFO  o.e.m.c.i.embedder.EclipseLogger - Using 'UTF-8' encoding to copy filtered resources.
2016-04-08 02:46:32,910 [Worker-11] INFO  o.e.m.c.i.embedder.EclipseLogger - skip non existing resourceDirectory C:\Users\New\git\practice\udacity\src\main\resources
2016-04-08 02:46:32,913 [Worker-11] INFO  o.e.m.c.i.embedder.EclipseLogger - Using 'UTF-8' encoding to copy filtered resources.
2016-04-08 02:46:32,913 [Worker-11] INFO  o.e.m.c.i.embedder.EclipseLogger - skip non existing resourceDirectory C:\Users\New\git\practice\udacity\src\test\resources
2016-04-08 02:57:43,230 [Worker-13] INFO  o.e.m.c.i.l.LifecycleMappingFactory - Using org.eclipse.m2e.jdt.JarLifecycleMapping lifecycle mapping for MavenProject: demo:cards:0.0.1-SNAPSHOT @ C:\Users\New\git\practice1\code-master\hadoop\performance_tuning\pom.xml.
2016-04-08 02:57:51,370 [Worker-13] INFO  o.e.m.c.i.l.LifecycleMappingFactory - Using org.eclipse.m2e.jdt.JarLifecycleMapping lifecycle mapping for MavenProject: storm:udacity:0.0.1-SNAPSHOT @ C:\Users\New\git\practice1\udacity\pom.xml.
2016-04-08 02:57:51,471 [Worker-13] INFO  o.e.m.c.i.l.LifecycleMappingFactory - Using org.eclipse.m2e.jdt.JarLifecycleMapping lifecycle mapping for MavenProject: analytics:nyse:0.0.1-SNAPSHOT @ C:\Users\New\git\practice1\code-master\hadoop\nyse\pom.xml.
2016-04-08 02:58:58,389 [Worker-13] INFO  o.e.m.c.i.embedder.EclipseLogger - Using 'UTF-8' encoding to copy filtered resources.
2016-04-08 02:58:58,389 [Worker-13] INFO  o.e.m.c.i.embedder.EclipseLogger - skip non existing resourceDirectory C:\Users\New\git\practice1\code-master\hadoop\performance_tuning\src\main\resources
2016-04-08 02:58:58,393 [Worker-13] INFO  o.e.m.c.i.embedder.EclipseLogger - Using 'UTF-8' encoding to copy filtered resources.
2016-04-08 02:58:58,394 [Worker-13] INFO  o.e.m.c.i.embedder.EclipseLogger - skip non existing resourceDirectory C:\Users\New\git\practice1\code-master\hadoop\performance_tuning\src\test\resources
2016-04-08 02:58:58,562 [Worker-13] INFO  o.e.m.c.i.embedder.EclipseLogger - Using 'UTF-8' encoding to copy filtered resources.
2016-04-08 02:58:58,562 [Worker-13] INFO  o.e.m.c.i.embedder.EclipseLogger - skip non existing resourceDirectory C:\Users\New\git\practice1\udacity\src\main\resources
2016-04-08 02:58:58,565 [Worker-13] INFO  o.e.m.c.i.embedder.EclipseLogger - Using 'UTF-8' encoding to copy filtered resources.
2016-04-08 02:58:58,566 [Worker-13] INFO  o.e.m.c.i.embedder.EclipseLogger - skip non existing resourceDirectory C:\Users\New\git\practice1\udacity\src\test\resources
2016-04-08 02:59:03,487 [Worker-13] INFO  o.e.m.c.i.embedder.EclipseLogger - Using 'UTF-8' encoding to copy filtered resources.
2016-04-08 02:59:03,488 [Worker-13] INFO  o.e.m.c.i.embedder.EclipseLogger - skip non existing resourceDirectory C:\Users\New\git\practice1\code-master\hadoop\nyse\src\main\resources
2016-04-08 02:59:03,492 [Worker-13] INFO  o.e.m.c.i.embedder.EclipseLogger - Using 'UTF-8' encoding to copy filtered resources.
2016-04-08 02:59:03,492 [Worker-13] INFO  o.e.m.c.i.embedder.EclipseLogger - skip non existing resourceDirectory C:\Users\New\git\practice1\code-master\hadoop\nyse\src\test\resources
2016-04-08 03:12:41,790 [Worker-13] INFO  o.e.m.c.i.l.LifecycleMappingFactory - Using org.eclipse.m2e.jdt.JarLifecycleMapping lifecycle mapping for MavenProject: demo:cards:0.0.1-SNAPSHOT @ C:\Users\New\git\practice3\code-master\hadoop\performance_tuning\pom.xml.
2016-04-08 03:12:42,597 [Worker-19] INFO  o.e.m.c.i.l.LifecycleMappingFactory - Using org.eclipse.m2e.jdt.JarLifecycleMapping lifecycle mapping for MavenProject: demo:cards:0.0.1-SNAPSHOT @ C:\Users\New\git\practice3\code-master\hadoop\performance_tuning\pom.xml.
2016-04-08 03:12:49,659 [Worker-19] INFO  o.e.m.c.i.embedder.EclipseLogger - Using 'UTF-8' encoding to copy filtered resources.
2016-04-08 03:12:49,659 [Worker-19] INFO  o.e.m.c.i.embedder.EclipseLogger - skip non existing resourceDirectory C:\Users\New\git\practice3\code-master\hadoop\performance_tuning\src\main\resources
2016-04-08 03:12:49,663 [Worker-19] INFO  o.e.m.c.i.embedder.EclipseLogger - Using 'UTF-8' encoding to copy filtered resources.
2016-04-08 03:12:49,663 [Worker-19] INFO  o.e.m.c.i.embedder.EclipseLogger - skip non existing resourceDirectory C:\Users\New\git\practice3\code-master\hadoop\performance_tuning\src\test\resources
2016-04-08 03:12:49,931 [Worker-19] INFO  o.e.m.c.i.l.LifecycleMappingFactory - Using org.eclipse.m2e.jdt.JarLifecycleMapping lifecycle mapping for MavenProject: storm:udacity:0.0.1-SNAPSHOT @ C:\Users\New\git\practice3\udacity\pom.xml.
2016-04-08 03:12:50,043 [Worker-19] INFO  o.e.m.c.i.embedder.EclipseLogger - Using 'UTF-8' encoding to copy filtered resources.
2016-04-08 03:12:50,044 [Worker-19] INFO  o.e.m.c.i.embedder.EclipseLogger - skip non existing resourceDirectory C:\Users\New\git\practice3\udacity\src\main\resources
2016-04-08 03:12:50,047 [Worker-19] INFO  o.e.m.c.i.embedder.EclipseLogger - Using 'UTF-8' encoding to copy filtered resources.
2016-04-08 03:12:50,047 [Worker-19] INFO  o.e.m.c.i.embedder.EclipseLogger - skip non existing resourceDirectory C:\Users\New\git\practice3\udacity\src\test\resources
2016-04-08 03:12:50,206 [Worker-16] INFO  o.e.m.c.i.l.LifecycleMappingFactory - Using org.eclipse.m2e.jdt.JarLifecycleMapping lifecycle mapping for MavenProject: demo:cards:0.0.1-SNAPSHOT @ C:\Users\New\git\practice3\code-master\hadoop\performance_tuning\pom.xml.
2016-04-08 03:12:50,516 [Worker-19] INFO  o.e.m.c.i.l.LifecycleMappingFactory - Using org.eclipse.m2e.jdt.JarLifecycleMapping lifecycle mapping for MavenProject: analytics:nyse:0.0.1-SNAPSHOT @ C:\Users\New\git\practice3\code-master\hadoop\nyse\pom.xml.
2016-04-08 03:12:55,710 [Worker-19] INFO  o.e.m.c.i.embedder.EclipseLogger - Using 'UTF-8' encoding to copy filtered resources.
2016-04-08 03:12:55,710 [Worker-19] INFO  o.e.m.c.i.embedder.EclipseLogger - skip non existing resourceDirectory C:\Users\New\git\practice3\code-master\hadoop\nyse\src\main\resources
2016-04-08 03:12:55,714 [Worker-19] INFO  o.e.m.c.i.embedder.EclipseLogger - Using 'UTF-8' encoding to copy filtered resources.
2016-04-08 03:12:55,715 [Worker-19] INFO  o.e.m.c.i.embedder.EclipseLogger - skip non existing resourceDirectory C:\Users\New\git\practice3\code-master\hadoop\nyse\src\test\resources
2016-04-08 03:12:56,178 [Worker-16] INFO  o.e.m.c.i.l.LifecycleMappingFactory - Using org.eclipse.m2e.jdt.JarLifecycleMapping lifecycle mapping for MavenProject: demo:cards:0.0.1-SNAPSHOT @ C:\Users\New\git\practice3\code-master\hadoop\performance_tuning\pom.xml.
2016-04-08 03:13:03,286 [Worker-16] INFO  o.e.m.c.i.l.LifecycleMappingFactory - Using org.eclipse.m2e.jdt.JarLifecycleMapping lifecycle mapping for MavenProject: storm:udacity:0.0.1-SNAPSHOT @ C:\Users\New\git\practice3\udacity\pom.xml.
2016-04-08 03:13:03,397 [Worker-16] INFO  o.e.m.c.i.l.LifecycleMappingFactory - Using org.eclipse.m2e.jdt.JarLifecycleMapping lifecycle mapping for MavenProject: analytics:nyse:0.0.1-SNAPSHOT @ C:\Users\New\git\practice3\code-master\hadoop\nyse\pom.xml.
2016-04-08 12:18:45,245 [Worker-3] INFO  o.e.m.c.i.l.LifecycleMappingFactory - Using org.eclipse.m2e.jdt.JarLifecycleMapping lifecycle mapping for MavenProject: demo:cards:0.0.1-SNAPSHOT @ C:\Users\New\git\practice11\code-master\hadoop\performance_tuning\pom.xml.
2016-04-08 12:18:49,304 [Worker-3] INFO  o.e.m.c.i.embedder.EclipseLogger - Using 'UTF-8' encoding to copy filtered resources.
2016-04-08 12:18:49,305 [Worker-3] INFO  o.e.m.c.i.embedder.EclipseLogger - skip non existing resourceDirectory C:\Users\New\git\practice11\code-master\hadoop\performance_tuning\src\main\resources
2016-04-08 12:18:49,307 [Worker-3] INFO  o.e.m.c.i.embedder.EclipseLogger - Using 'UTF-8' encoding to copy filtered resources.
2016-04-08 12:18:49,308 [Worker-3] INFO  o.e.m.c.i.embedder.EclipseLogger - skip non existing resourceDirectory C:\Users\New\git\practice11\code-master\hadoop\performance_tuning\src\test\resources
2016-04-08 12:18:49,445 [Worker-3] INFO  o.e.m.c.i.l.LifecycleMappingFactory - Using org.eclipse.m2e.jdt.JarLifecycleMapping lifecycle mapping for MavenProject: storm:udacity:0.0.1-SNAPSHOT @ C:\Users\New\git\practice11\udacity\pom.xml.
2016-04-08 12:18:49,517 [Worker-3] INFO  o.e.m.c.i.embedder.EclipseLogger - Using 'UTF-8' encoding to copy filtered resources.
2016-04-08 12:18:49,517 [Worker-3] INFO  o.e.m.c.i.embedder.EclipseLogger - skip non existing resourceDirectory C:\Users\New\git\practice11\udacity\src\main\resources
2016-04-08 12:18:49,519 [Worker-3] INFO  o.e.m.c.i.embedder.EclipseLogger - Using 'UTF-8' encoding to copy filtered resources.
2016-04-08 12:18:49,519 [Worker-3] INFO  o.e.m.c.i.embedder.EclipseLogger - skip non existing resourceDirectory C:\Users\New\git\practice11\udacity\src\test\resources
2016-04-08 12:18:49,773 [Worker-3] INFO  o.e.m.c.i.l.LifecycleMappingFactory - Using org.eclipse.m2e.jdt.JarLifecycleMapping lifecycle mapping for MavenProject: analytics:nyse:0.0.1-SNAPSHOT @ C:\Users\New\git\practice11\code-master\hadoop\nyse\pom.xml.
2016-04-08 12:18:55,080 [Worker-3] INFO  o.e.m.c.i.embedder.EclipseLogger - Using 'UTF-8' encoding to copy filtered resources.
2016-04-08 12:18:55,081 [Worker-3] INFO  o.e.m.c.i.embedder.EclipseLogger - skip non existing resourceDirectory C:\Users\New\git\practice11\code-master\hadoop\nyse\src\main\resources
2016-04-08 12:18:55,087 [Worker-3] INFO  o.e.m.c.i.embedder.EclipseLogger - Using 'UTF-8' encoding to copy filtered resources.
2016-04-08 12:18:55,088 [Worker-3] INFO  o.e.m.c.i.embedder.EclipseLogger - skip non existing resourceDirectory C:\Users\New\git\practice11\code-master\hadoop\nyse\src\test\resources
2016-04-08 13:03:36,792 [Worker-1] ERROR o.e.m.c.i.p.r.ProjectRegistryRefreshJob - Resource '/volume_analytics/pom.xml' does not exist.
org.eclipse.core.internal.resources.ResourceException: Resource '/volume_analytics/pom.xml' does not exist.
	at org.eclipse.core.internal.resources.Resource.checkExists(Resource.java:341) ~[na:na]
	at org.eclipse.core.internal.resources.Resource.checkAccessible(Resource.java:215) ~[na:na]
	at org.eclipse.core.internal.resources.Resource.deleteMarkers(Resource.java:846) ~[na:na]
	at org.eclipse.m2e.core.internal.markers.MavenMarkerManager.deleteMarkers(MavenMarkerManager.java:232) ~[na:na]
	at org.eclipse.m2e.core.internal.markers.MavenMarkerManager.deleteMarkers(MavenMarkerManager.java:226) ~[na:na]
	at org.eclipse.m2e.core.internal.project.registry.ProjectRegistryManager.readMavenProjectFacade(ProjectRegistryManager.java:655) ~[na:na]
	at org.eclipse.m2e.core.internal.project.registry.ProjectRegistryManager.refresh(ProjectRegistryManager.java:377) ~[na:na]
	at org.eclipse.m2e.core.internal.project.registry.ProjectRegistryManager.refresh(ProjectRegistryManager.java:336) ~[na:na]
	at org.eclipse.m2e.core.internal.project.registry.ProjectRegistryRefreshJob$1$1.call(ProjectRegistryRefreshJob.java:95) ~[na:na]
	at org.eclipse.m2e.core.internal.project.registry.ProjectRegistryRefreshJob$1$1.call(ProjectRegistryRefreshJob.java:1) ~[na:na]
	at org.eclipse.m2e.core.internal.embedder.MavenExecutionContext.executeBare(MavenExecutionContext.java:166) ~[na:na]
	at org.eclipse.m2e.core.internal.embedder.MavenExecutionContext.execute(MavenExecutionContext.java:142) ~[na:na]
	at org.eclipse.m2e.core.internal.embedder.MavenExecutionContext.execute(MavenExecutionContext.java:96) ~[na:na]
	at org.eclipse.m2e.core.internal.embedder.MavenImpl.execute(MavenImpl.java:1344) ~[na:na]
	at org.eclipse.m2e.core.internal.project.registry.ProjectRegistryRefreshJob$1.call(ProjectRegistryRefreshJob.java:93) ~[na:na]
	at org.eclipse.m2e.core.internal.project.registry.ProjectRegistryRefreshJob$1.call(ProjectRegistryRefreshJob.java:1) ~[na:na]
	at org.eclipse.m2e.core.internal.embedder.MavenExecutionContext.executeBare(MavenExecutionContext.java:166) ~[na:na]
	at org.eclipse.m2e.core.internal.embedder.MavenExecutionContext.execute(MavenExecutionContext.java:142) ~[na:na]
	at org.eclipse.m2e.core.internal.embedder.MavenExecutionContext.execute(MavenExecutionContext.java:96) ~[na:na]
	at org.eclipse.m2e.core.internal.embedder.MavenImpl.execute(MavenImpl.java:1348) ~[na:na]
	at org.eclipse.m2e.core.internal.project.registry.ProjectRegistryRefreshJob.run(ProjectRegistryRefreshJob.java:87) ~[na:na]
	at org.eclipse.core.internal.jobs.Worker.run(Worker.java:54) [org.eclipse.core.jobs_3.6.1.v20141014-1248.jar:na]
2016-04-08 13:05:40,647 [Worker-11] INFO  o.e.m.c.i.l.LifecycleMappingFactory - Using org.eclipse.m2e.jdt.JarLifecycleMapping lifecycle mapping for MavenProject: demo:cards:0.0.1-SNAPSHOT @ G:\Workspace\performance_tuning\pom.xml.
2016-04-08 13:05:42,230 [Worker-2] INFO  o.e.m.c.i.l.LifecycleMappingFactory - Using org.eclipse.m2e.jdt.JarLifecycleMapping lifecycle mapping for MavenProject: demo:cards:0.0.1-SNAPSHOT @ G:\Workspace\performance_tuning\pom.xml.
2016-04-08 13:05:50,610 [Worker-2] INFO  o.e.m.c.i.embedder.EclipseLogger - Using 'UTF-8' encoding to copy filtered resources.
2016-04-08 13:05:50,610 [Worker-2] INFO  o.e.m.c.i.embedder.EclipseLogger - skip non existing resourceDirectory G:\Workspace\performance_tuning\src\main\resources
2016-04-08 13:05:50,612 [Worker-2] INFO  o.e.m.c.i.embedder.EclipseLogger - Using 'UTF-8' encoding to copy filtered resources.
2016-04-08 13:05:50,612 [Worker-2] INFO  o.e.m.c.i.embedder.EclipseLogger - skip non existing resourceDirectory G:\Workspace\performance_tuning\src\test\resources
2016-04-08 13:05:50,781 [Worker-2] INFO  o.e.m.c.i.l.LifecycleMappingFactory - Using org.eclipse.m2e.jdt.JarLifecycleMapping lifecycle mapping for MavenProject: storm:udacity:0.0.1-SNAPSHOT @ G:\Workspace\udacity\pom.xml.
2016-04-08 13:05:50,926 [Worker-2] INFO  o.e.m.c.i.embedder.EclipseLogger - Using 'UTF-8' encoding to copy filtered resources.
2016-04-08 13:05:50,927 [Worker-2] INFO  o.e.m.c.i.embedder.EclipseLogger - skip non existing resourceDirectory G:\Workspace\udacity\src\main\resources
2016-04-08 13:05:50,929 [Worker-2] INFO  o.e.m.c.i.embedder.EclipseLogger - Using 'UTF-8' encoding to copy filtered resources.
2016-04-08 13:05:50,929 [Worker-2] INFO  o.e.m.c.i.embedder.EclipseLogger - skip non existing resourceDirectory G:\Workspace\udacity\src\test\resources
2016-04-08 13:05:51,315 [Worker-11] INFO  o.e.m.c.i.l.LifecycleMappingFactory - Using org.eclipse.m2e.jdt.JarLifecycleMapping lifecycle mapping for MavenProject: demo:cards:0.0.1-SNAPSHOT @ G:\Workspace\performance_tuning\pom.xml.
2016-04-08 13:05:51,370 [Worker-2] INFO  o.e.m.c.i.l.LifecycleMappingFactory - Using org.eclipse.m2e.jdt.JarLifecycleMapping lifecycle mapping for MavenProject: analytics:nyse:0.0.1-SNAPSHOT @ G:\Workspace\volume_analytics\pom.xml.
2016-04-08 13:05:54,254 [Worker-2] INFO  o.e.m.c.i.embedder.EclipseLogger - Using 'UTF-8' encoding to copy filtered resources.
2016-04-08 13:05:54,254 [Worker-2] INFO  o.e.m.c.i.embedder.EclipseLogger - skip non existing resourceDirectory G:\Workspace\volume_analytics\src\main\resources
2016-04-08 13:05:54,256 [Worker-2] INFO  o.e.m.c.i.embedder.EclipseLogger - Using 'UTF-8' encoding to copy filtered resources.
2016-04-08 13:05:54,256 [Worker-2] INFO  o.e.m.c.i.embedder.EclipseLogger - skip non existing resourceDirectory G:\Workspace\volume_analytics\src\test\resources
2016-04-08 13:05:56,342 [Worker-6] INFO  o.e.m.c.i.embedder.EclipseLogger - Using 'UTF-8' encoding to copy filtered resources.
2016-04-08 13:05:56,342 [Worker-6] INFO  o.e.m.c.i.embedder.EclipseLogger - skip non existing resourceDirectory G:\Workspace\udacity\src\main\resources
2016-04-08 13:05:56,343 [Worker-6] INFO  o.e.m.c.i.embedder.EclipseLogger - Using 'UTF-8' encoding to copy filtered resources.
2016-04-08 13:05:56,344 [Worker-6] INFO  o.e.m.c.i.embedder.EclipseLogger - skip non existing resourceDirectory G:\Workspace\udacity\src\test\resources
2016-04-08 13:05:57,508 [Worker-11] INFO  o.e.m.c.i.l.LifecycleMappingFactory - Using org.eclipse.m2e.jdt.JarLifecycleMapping lifecycle mapping for MavenProject: demo:cards:0.0.1-SNAPSHOT @ G:\Workspace\performance_tuning\pom.xml.
2016-04-08 13:05:59,281 [Worker-6] INFO  o.e.m.c.i.embedder.EclipseLogger - Using 'UTF-8' encoding to copy filtered resources.
2016-04-08 13:05:59,281 [Worker-6] INFO  o.e.m.c.i.embedder.EclipseLogger - skip non existing resourceDirectory G:\Workspace\volume_analytics\src\main\resources
2016-04-08 13:05:59,282 [Worker-6] INFO  o.e.m.c.i.embedder.EclipseLogger - Using 'UTF-8' encoding to copy filtered resources.
2016-04-08 13:05:59,282 [Worker-6] INFO  o.e.m.c.i.embedder.EclipseLogger - skip non existing resourceDirectory G:\Workspace\volume_analytics\src\test\resources
2016-04-08 13:06:02,320 [Worker-11] INFO  o.e.m.c.i.l.LifecycleMappingFactory - Using org.eclipse.m2e.jdt.JarLifecycleMapping lifecycle mapping for MavenProject: analytics:nyse:0.0.1-SNAPSHOT @ G:\Workspace\volume_analytics\pom.xml.
2016-04-08 13:06:04,163 [Worker-11] INFO  o.e.m.c.i.l.LifecycleMappingFactory - Using org.eclipse.m2e.jdt.JarLifecycleMapping lifecycle mapping for MavenProject: storm:udacity:0.0.1-SNAPSHOT @ G:\Workspace\udacity\pom.xml.
2016-04-08 13:06:10,665 [Worker-7] INFO  o.e.m.c.i.embedder.EclipseLogger - Using 'UTF-8' encoding to copy filtered resources.
2016-04-08 13:06:10,665 [Worker-7] INFO  o.e.m.c.i.embedder.EclipseLogger - skip non existing resourceDirectory G:\Workspace\performance_tuning\src\main\resources
2016-04-08 13:06:10,670 [Worker-7] INFO  o.e.m.c.i.embedder.EclipseLogger - Using 'UTF-8' encoding to copy filtered resources.
2016-04-08 13:06:10,670 [Worker-7] INFO  o.e.m.c.i.embedder.EclipseLogger - skip non existing resourceDirectory G:\Workspace\performance_tuning\src\test\resources
2016-04-08 13:06:10,730 [Worker-7] INFO  o.e.m.c.i.embedder.EclipseLogger - Using 'UTF-8' encoding to copy filtered resources.
2016-04-08 13:06:10,730 [Worker-7] INFO  o.e.m.c.i.embedder.EclipseLogger - skip non existing resourceDirectory G:\Workspace\udacity\src\main\resources
2016-04-08 13:06:10,734 [Worker-7] INFO  o.e.m.c.i.embedder.EclipseLogger - Using 'UTF-8' encoding to copy filtered resources.
2016-04-08 13:06:10,734 [Worker-7] INFO  o.e.m.c.i.embedder.EclipseLogger - skip non existing resourceDirectory G:\Workspace\udacity\src\test\resources
2016-04-08 13:06:15,515 [Worker-7] INFO  o.e.m.c.i.embedder.EclipseLogger - Using 'UTF-8' encoding to copy filtered resources.
2016-04-08 13:06:15,515 [Worker-7] INFO  o.e.m.c.i.embedder.EclipseLogger - skip non existing resourceDirectory G:\Workspace\volume_analytics\src\main\resources
2016-04-08 13:06:15,521 [Worker-7] INFO  o.e.m.c.i.embedder.EclipseLogger - Using 'UTF-8' encoding to copy filtered resources.
2016-04-08 13:06:15,521 [Worker-7] INFO  o.e.m.c.i.embedder.EclipseLogger - skip non existing resourceDirectory G:\Workspace\volume_analytics\src\test\resources
2016-04-08 13:08:02,458 [Worker-9] INFO  o.e.m.c.i.l.LifecycleMappingFactory - Using org.eclipse.m2e.jdt.JarLifecycleMapping lifecycle mapping for MavenProject: demo:cards:0.0.1-SNAPSHOT @ G:\Workspace\performance_tuning\pom.xml.
2016-04-08 13:08:08,408 [Worker-9] INFO  o.e.m.c.i.embedder.EclipseLogger - Using 'UTF-8' encoding to copy filtered resources.
2016-04-08 13:08:08,409 [Worker-9] INFO  o.e.m.c.i.embedder.EclipseLogger - skip non existing resourceDirectory G:\Workspace\performance_tuning\src\main\resources
2016-04-08 13:08:08,413 [Worker-9] INFO  o.e.m.c.i.embedder.EclipseLogger - Using 'UTF-8' encoding to copy filtered resources.
2016-04-08 13:08:08,414 [Worker-9] INFO  o.e.m.c.i.embedder.EclipseLogger - skip non existing resourceDirectory G:\Workspace\performance_tuning\src\test\resources
2016-04-08 13:08:13,161 [Worker-5] INFO  o.e.m.c.i.embedder.EclipseLogger - Using 'UTF-8' encoding to copy filtered resources.
2016-04-08 13:08:13,162 [Worker-5] INFO  o.e.m.c.i.embedder.EclipseLogger - skip non existing resourceDirectory G:\Workspace\performance_tuning\src\main\resources
2016-04-08 13:08:13,165 [Worker-5] INFO  o.e.m.c.i.embedder.EclipseLogger - Using 'UTF-8' encoding to copy filtered resources.
2016-04-08 13:08:13,166 [Worker-5] INFO  o.e.m.c.i.embedder.EclipseLogger - skip non existing resourceDirectory G:\Workspace\performance_tuning\src\test\resources
2016-04-08 13:16:52,897 [main] ERROR o.e.m.j.u.i.DownloadSourcesActionDelegate - Could not schedule source download
org.eclipse.jdt.core.JavaModelException: <project root> [in 12] is not on its project's build path
	at org.eclipse.jdt.internal.core.JavaElement.newJavaModelException(JavaElement.java:566) ~[na:na]
	at org.eclipse.jdt.internal.core.Openable.generateInfos(Openable.java:247) ~[na:na]
	at org.eclipse.jdt.internal.core.JavaElement.openWhenClosed(JavaElement.java:579) ~[na:na]
	at org.eclipse.jdt.internal.core.JavaElement.getElementInfo(JavaElement.java:316) ~[na:na]
	at org.eclipse.jdt.internal.core.JavaElement.getElementInfo(JavaElement.java:302) ~[na:na]
	at org.eclipse.jdt.internal.core.PackageFragmentRoot.getKind(PackageFragmentRoot.java:486) ~[na:na]
	at org.eclipse.jdt.internal.core.PackageFragmentRoot.getSourceAttachmentPath(PackageFragmentRoot.java:600) ~[na:na]
	at org.eclipse.m2e.jdt.ui.internal.DownloadSourcesActionDelegate.setActiveEditor(DownloadSourcesActionDelegate.java:52) ~[na:na]
	at org.eclipse.ui.internal.EditorPluginAction.editorChanged(EditorPluginAction.java:77) [org.eclipse.ui.workbench_3.106.2.v20150204-1030.jar:na]
	at org.eclipse.ui.internal.EditorActionBuilder$EditorContribution.editorChanged(EditorActionBuilder.java:86) [org.eclipse.ui.workbench_3.106.2.v20150204-1030.jar:na]
	at org.eclipse.ui.internal.EditorActionBuilder$ExternalContributor.setActiveEditor(EditorActionBuilder.java:135) [org.eclipse.ui.workbench_3.106.2.v20150204-1030.jar:na]
	at org.eclipse.ui.internal.EditorActionBars.partChanged(EditorActionBars.java:357) [org.eclipse.ui.workbench_3.106.2.v20150204-1030.jar:na]
	at org.eclipse.ui.internal.WorkbenchPage.updateActivations(WorkbenchPage.java:305) [org.eclipse.ui.workbench_3.106.2.v20150204-1030.jar:na]
	at org.eclipse.ui.internal.WorkbenchPage.access$17(WorkbenchPage.java:287) [org.eclipse.ui.workbench_3.106.2.v20150204-1030.jar:na]
	at org.eclipse.ui.internal.WorkbenchPage$E4PartListener.partActivated(WorkbenchPage.java:209) [org.eclipse.ui.workbench_3.106.2.v20150204-1030.jar:na]
	at org.eclipse.e4.ui.internal.workbench.PartServiceImpl$3.run(PartServiceImpl.java:241) [org.eclipse.e4.ui.workbench_1.2.2.v20141212-1259.jar:na]
	at org.eclipse.core.runtime.SafeRunner.run(SafeRunner.java:42) [org.eclipse.equinox.common_3.6.200.v20130402-1505.jar:na]
	at org.eclipse.e4.ui.internal.workbench.PartServiceImpl.firePartActivated(PartServiceImpl.java:238) [org.eclipse.e4.ui.workbench_1.2.2.v20141212-1259.jar:na]
	at org.eclipse.e4.ui.internal.workbench.PartServiceImpl.activate(PartServiceImpl.java:692) [org.eclipse.e4.ui.workbench_1.2.2.v20141212-1259.jar:na]
	at org.eclipse.e4.ui.internal.workbench.PartServiceImpl.activate(PartServiceImpl.java:620) [org.eclipse.e4.ui.workbench_1.2.2.v20141212-1259.jar:na]
	at org.eclipse.e4.ui.internal.workbench.PartServiceImpl.activate(PartServiceImpl.java:608) [org.eclipse.e4.ui.workbench_1.2.2.v20141212-1259.jar:na]
	at org.eclipse.ui.internal.WorkbenchPage.busyOpenEditor(WorkbenchPage.java:3218) [org.eclipse.ui.workbench_3.106.2.v20150204-1030.jar:na]
	at org.eclipse.ui.internal.WorkbenchPage.access$23(WorkbenchPage.java:3125) [org.eclipse.ui.workbench_3.106.2.v20150204-1030.jar:na]
	at org.eclipse.ui.internal.WorkbenchPage$9.run(WorkbenchPage.java:3107) [org.eclipse.ui.workbench_3.106.2.v20150204-1030.jar:na]
	at org.eclipse.swt.custom.BusyIndicator.showWhile(BusyIndicator.java:70) [org.eclipse.swt.win32.win32.x86_64_3.103.2.v20150203-1351.jar:na]
	at org.eclipse.ui.internal.WorkbenchPage.openEditor(WorkbenchPage.java:3102) [org.eclipse.ui.workbench_3.106.2.v20150204-1030.jar:na]
	at org.eclipse.ui.internal.WorkbenchPage.openEditor(WorkbenchPage.java:3066) [org.eclipse.ui.workbench_3.106.2.v20150204-1030.jar:na]
	at org.eclipse.ui.internal.WorkbenchPage.openEditor(WorkbenchPage.java:3056) [org.eclipse.ui.workbench_3.106.2.v20150204-1030.jar:na]
	at org.eclipse.jdt.internal.ui.javaeditor.EditorUtility.openInEditor(EditorUtility.java:373) [org.eclipse.jdt.ui_3.10.2.v20141014-1419.jar:na]
	at org.eclipse.jdt.internal.ui.javaeditor.EditorUtility.openInEditor(EditorUtility.java:179) [org.eclipse.jdt.ui_3.10.2.v20141014-1419.jar:na]
	at org.eclipse.jdt.ui.actions.OpenAction.run(OpenAction.java:268) [org.eclipse.jdt.ui_3.10.2.v20141014-1419.jar:na]
	at org.eclipse.jdt.ui.actions.OpenAction.run(OpenAction.java:233) [org.eclipse.jdt.ui_3.10.2.v20141014-1419.jar:na]
	at org.eclipse.jdt.ui.actions.SelectionDispatchAction.dispatchRun(SelectionDispatchAction.java:275) [org.eclipse.jdt.ui_3.10.2.v20141014-1419.jar:na]
	at org.eclipse.jdt.ui.actions.SelectionDispatchAction.run(SelectionDispatchAction.java:251) [org.eclipse.jdt.ui_3.10.2.v20141014-1419.jar:na]
	at org.eclipse.jdt.internal.ui.packageview.PackageExplorerActionGroup.handleOpen(PackageExplorerActionGroup.java:376) [org.eclipse.jdt.ui_3.10.2.v20141014-1419.jar:na]
	at org.eclipse.jdt.internal.ui.packageview.PackageExplorerPart$4.open(PackageExplorerPart.java:538) [org.eclipse.jdt.ui_3.10.2.v20141014-1419.jar:na]
	at org.eclipse.ui.OpenAndLinkWithEditorHelper$InternalListener.open(OpenAndLinkWithEditorHelper.java:48) [org.eclipse.ui.workbench_3.106.2.v20150204-1030.jar:na]
	at org.eclipse.jface.viewers.StructuredViewer$2.run(StructuredViewer.java:853) [org.eclipse.jface_3.10.2.v20141021-1035.jar:na]
	at org.eclipse.core.runtime.SafeRunner.run(SafeRunner.java:42) [org.eclipse.equinox.common_3.6.200.v20130402-1505.jar:na]
	at org.eclipse.ui.internal.JFaceUtil$1.run(JFaceUtil.java:50) [org.eclipse.ui.workbench_3.106.2.v20150204-1030.jar:na]
	at org.eclipse.jface.util.SafeRunnable.run(SafeRunnable.java:178) [org.eclipse.jface_3.10.2.v20141021-1035.jar:na]
	at org.eclipse.jface.viewers.StructuredViewer.fireOpen(StructuredViewer.java:850) [org.eclipse.jface_3.10.2.v20141021-1035.jar:na]
	at org.eclipse.jface.viewers.StructuredViewer.handleOpen(StructuredViewer.java:1142) [org.eclipse.jface_3.10.2.v20141021-1035.jar:na]
	at org.eclipse.jface.viewers.StructuredViewer$6.handleOpen(StructuredViewer.java:1249) [org.eclipse.jface_3.10.2.v20141021-1035.jar:na]
	at org.eclipse.jface.util.OpenStrategy.fireOpenEvent(OpenStrategy.java:278) [org.eclipse.jface_3.10.2.v20141021-1035.jar:na]
	at org.eclipse.jface.util.OpenStrategy.access$2(OpenStrategy.java:272) [org.eclipse.jface_3.10.2.v20141021-1035.jar:na]
	at org.eclipse.jface.util.OpenStrategy$1.handleEvent(OpenStrategy.java:313) [org.eclipse.jface_3.10.2.v20141021-1035.jar:na]
	at org.eclipse.swt.widgets.EventTable.sendEvent(EventTable.java:84) [org.eclipse.swt.win32.win32.x86_64_3.103.2.v20150203-1351.jar:na]
	at org.eclipse.swt.widgets.Display.sendEvent(Display.java:4353) [org.eclipse.swt.win32.win32.x86_64_3.103.2.v20150203-1351.jar:na]
	at org.eclipse.swt.widgets.Widget.sendEvent(Widget.java:1061) [org.eclipse.swt.win32.win32.x86_64_3.103.2.v20150203-1351.jar:na]
	at org.eclipse.swt.widgets.Display.runDeferredEvents(Display.java:4172) [org.eclipse.swt.win32.win32.x86_64_3.103.2.v20150203-1351.jar:na]
	at org.eclipse.swt.widgets.Display.readAndDispatch(Display.java:3761) [org.eclipse.swt.win32.win32.x86_64_3.103.2.v20150203-1351.jar:na]
	at org.eclipse.e4.ui.internal.workbench.swt.PartRenderingEngine$9.run(PartRenderingEngine.java:1151) [org.eclipse.e4.ui.workbench.swt_0.12.100.v20141126-1150.jar:na]
	at org.eclipse.core.databinding.observable.Realm.runWithDefault(Realm.java:332) [org.eclipse.core.databinding.observable_1.4.1.v20140210-1835.jar:na]
	at org.eclipse.e4.ui.internal.workbench.swt.PartRenderingEngine.run(PartRenderingEngine.java:1032) [org.eclipse.e4.ui.workbench.swt_0.12.100.v20141126-1150.jar:na]
	at org.eclipse.e4.ui.internal.workbench.E4Workbench.createAndRunUI(E4Workbench.java:148) [org.eclipse.e4.ui.workbench_1.2.2.v20141212-1259.jar:na]
	at org.eclipse.ui.internal.Workbench$5.run(Workbench.java:636) [org.eclipse.ui.workbench_3.106.2.v20150204-1030.jar:na]
	at org.eclipse.core.databinding.observable.Realm.runWithDefault(Realm.java:332) [org.eclipse.core.databinding.observable_1.4.1.v20140210-1835.jar:na]
	at org.eclipse.ui.internal.Workbench.createAndRunWorkbench(Workbench.java:579) [org.eclipse.ui.workbench_3.106.2.v20150204-1030.jar:na]
	at org.eclipse.ui.PlatformUI.createAndRunWorkbench(PlatformUI.java:150) [org.eclipse.ui.workbench_3.106.2.v20150204-1030.jar:na]
	at org.eclipse.ui.internal.ide.application.IDEApplication.start(IDEApplication.java:135) [org.eclipse.ui.ide.application_1.0.501.v20141111-1238.jar:na]
	at org.eclipse.equinox.internal.app.EclipseAppHandle.run(EclipseAppHandle.java:196) [org.eclipse.equinox.app_1.3.200.v20130910-1609.jar:na]
	at org.eclipse.core.runtime.internal.adaptor.EclipseAppLauncher.runApplication(EclipseAppLauncher.java:134) [org.eclipse.osgi_3.10.2.v20150203-1939.jar:na]
	at org.eclipse.core.runtime.internal.adaptor.EclipseAppLauncher.start(EclipseAppLauncher.java:104) [org.eclipse.osgi_3.10.2.v20150203-1939.jar:na]
	at org.eclipse.core.runtime.adaptor.EclipseStarter.run(EclipseStarter.java:380) [org.eclipse.osgi_3.10.2.v20150203-1939.jar:na]
	at org.eclipse.core.runtime.adaptor.EclipseStarter.run(EclipseStarter.java:235) [org.eclipse.osgi_3.10.2.v20150203-1939.jar:na]
	at sun.reflect.NativeMethodAccessorImpl.invoke0(Native Method) ~[na:1.7.0]
	at sun.reflect.NativeMethodAccessorImpl.invoke(NativeMethodAccessorImpl.java:57) ~[na:1.7.0]
	at sun.reflect.DelegatingMethodAccessorImpl.invoke(DelegatingMethodAccessorImpl.java:43) ~[na:1.7.0]
	at java.lang.reflect.Method.invoke(Method.java:601) ~[na:1.7.0]
	at org.eclipse.equinox.launcher.Main.invokeFramework(Main.java:648) [org.eclipse.equinox.launcher_1.3.0.v20140415-2008.jar:na]
	at org.eclipse.equinox.launcher.Main.basicRun(Main.java:603) [org.eclipse.equinox.launcher_1.3.0.v20140415-2008.jar:na]
	at org.eclipse.equinox.launcher.Main.run(Main.java:1465) [org.eclipse.equinox.launcher_1.3.0.v20140415-2008.jar:na]
